tools.TOOL_CalculateNewRaster - INFO - Starting: 2025-02-01 18:46:40.841608
tools.TOOL_CalculateNewRaster - INFO - Run by: TEDSMITH
tools.TOOL_CalculateNewRaster - INFO - Run on: 01/02/2025, 18:46:40
tools.TOOL_CalculateNewRaster - INFO - Base Raster Path: C:\Users\tedsmith\OneDrive - HDR, Inc\Documents\Projects\Boise\HabitatSuitability\DATA\GDB\Scratch.gdb\Test_Raster
tools.TOOL_CalculateNewRaster - INFO - Output Raster Path: C:\Users\tedsmith\OneDrive - HDR, Inc\Documents\Projects\Boise\HabitatSuitability\DATA\GDB\Scratch.gdb\OutPut_Raster_MWFs
tools.TOOL_CalculateNewRaster - INFO - Depth Lookup Table Path: C:\Users\tedsmith\OneDrive - HDR, Inc\Documents\Projects\Boise\HabitatSuitability\DATA\GDB\Inputs_1.gdb\DepthLU
tools.TOOL_CalculateNewRaster - INFO - Fish Stage: MWFs
tools.TOOL_CalculateNewRaster - INFO - Starting: 2025-02-01 18:48:46.477335
tools.TOOL_CalculateNewRaster - INFO - Run by: TEDSMITH
tools.TOOL_CalculateNewRaster - INFO - Run on: 01/02/2025, 18:48:46
tools.TOOL_CalculateNewRaster - INFO - Base Raster Path: C:\Users\tedsmith\OneDrive - HDR, Inc\Documents\Projects\Boise\HabitatSuitability\DATA\GDB\Scratch.gdb\Test_Raster
tools.TOOL_CalculateNewRaster - INFO - Output Raster Path: C:\Users\tedsmith\OneDrive - HDR, Inc\Documents\Projects\Boise\HabitatSuitability\DATA\GDB\Scratch.gdb\OutPut_Raster_MWFs
tools.TOOL_CalculateNewRaster - INFO - Depth Lookup Table Path: C:\Users\tedsmith\OneDrive - HDR, Inc\Documents\Projects\Boise\HabitatSuitability\DATA\GDB\Inputs_1.gdb\DepthLU
tools.TOOL_CalculateNewRaster - INFO - Fish Stage: MWFs
tools.TOOL_CalculateNewRaster - INFO - Starting: 2025-02-03 08:56:40.480651
tools.TOOL_CalculateNewRaster - INFO - Run by: TEDSMITH
tools.TOOL_CalculateNewRaster - INFO - Run on: 03/02/2025, 08:56:40
tools.TOOL_CalculateNewRaster - INFO - Base Raster Path: C:\Users\tedsmith\OneDrive - HDR, Inc\Documents\Projects\Boise\HabitatSuitability\DATA\GDB\Scratch.gdb\Test_Raster
tools.TOOL_CalculateNewRaster - INFO - Output Raster Path: C:\Users\tedsmith\OneDrive - HDR, Inc\Documents\Projects\Boise\HabitatSuitability\DATA\GDB\Scratch.gdb\OutPut_Raster_MWFs_
tools.TOOL_CalculateNewRaster - INFO - Depth Lookup Table Path: C:\Users\tedsmith\OneDrive - HDR, Inc\Documents\Projects\Boise\HabitatSuitability\DATA\GDB\Inputs_1.gdb\DepthLU
tools.TOOL_CalculateNewRaster - INFO - Fish Stage: MWFs
tools.TOOL_CalculateNewRaster - INFO - Spatial Reference: PROJCS["NAD_1983_2011_StatePlane_Idaho_West_FIPS_1103_Ft_US",GEOGCS["GCS_NAD_1983_2011",DATUM["D_NAD_1983_2011",SPHEROID["GRS_1980",6378137.0,298.257222101]],PRIMEM["Greenwich",0.0],UNIT["Degree",0.0174532925199433]],PROJECTION["Transverse_Mercator"],PARAMETER["False_Easting",2624666.666666666],PARAMETER["False_Northing",0.0],PARAMETER["Central_Meridian",-115.75],PARAMETER["Scale_Factor",0.9999333333333333],PARAMETER["Latitude_Of_Origin",41.66666666666666],UNIT["Foot_US",0.3048006096012192]];-15822600 -47951700 137250677.777234;-100000 10000;-100000 10000;3.28083333333333E-03;0.001;0.001;IsHighPrecision
tools.TOOL_CalculateNewRaster - INFO - Creating Base Raster...
tools.TOOL_CalculateNewRaster - INFO - Converting Base Raster to NumPy Array...
tools.TOOL_CalculateNewRaster - INFO - Calculating New Score...
tools.TOOL_CalculateNewRaster - INFO - Exporting New NumPy Array to Raster...
tools.TOOL_CalculateNewRaster - INFO - Defining Spatial Reference...
tools.TOOL_CalculateNewRaster - INFO - Finished: 2025-02-03 08:57:07.124143
tools.TOOL_CalculateNewRaster - INFO - Starting: 2025-02-03 09:23:39.690996
tools.TOOL_CalculateNewRaster - INFO - Run by: TEDSMITH
tools.TOOL_CalculateNewRaster - INFO - Run on: 03/02/2025, 09:23:39
tools.TOOL_CalculateNewRaster - INFO - Base Raster Path: C:\Users\tedsmith\OneDrive - HDR, Inc\Documents\Projects\Boise\HabitatSuitability\DATA\GDB\Scratch.gdb\Test_Raster
tools.TOOL_CalculateNewRaster - INFO - Output Raster Path: C:\Users\tedsmith\OneDrive - HDR, Inc\Documents\Projects\Boise\HabitatSuitability\DATA\GDB\Scratch.gdb\OutPut_Raster_MWFs_
tools.TOOL_CalculateNewRaster - INFO - Depth Lookup Table Path: C:\Users\tedsmith\OneDrive - HDR, Inc\Documents\Projects\Boise\HabitatSuitability\DATA\GDB\Inputs_1.gdb\DepthLU
tools.TOOL_CalculateNewRaster - INFO - Fish Stage: MWFs
tools.TOOL_CalculateNewRaster - INFO - Spatial Reference: PROJCS["NAD_1983_2011_StatePlane_Idaho_West_FIPS_1103_Ft_US",GEOGCS["GCS_NAD_1983_2011",DATUM["D_NAD_1983_2011",SPHEROID["GRS_1980",6378137.0,298.257222101]],PRIMEM["Greenwich",0.0],UNIT["Degree",0.0174532925199433]],PROJECTION["Transverse_Mercator"],PARAMETER["False_Easting",2624666.666666666],PARAMETER["False_Northing",0.0],PARAMETER["Central_Meridian",-115.75],PARAMETER["Scale_Factor",0.9999333333333333],PARAMETER["Latitude_Of_Origin",41.66666666666666],UNIT["Foot_US",0.3048006096012192]];-15822600 -47951700 137250677.777234;-100000 10000;-100000 10000;3.28083333333333E-03;0.001;0.001;IsHighPrecision
tools.TOOL_CalculateNewRaster - INFO - Creating Base Raster...
tools.TOOL_CalculateNewRaster - INFO - Converting Base Raster to NumPy Array...
tools.TOOL_CalculateNewRaster - INFO - Calculating New Score...
tools.TOOL_CalculateNewRaster - INFO - Exporting New NumPy Array to Raster...
tools.TOOL_CalculateNewRaster - INFO - Starting: 2025-02-03 09:24:26.714461
tools.TOOL_CalculateNewRaster - INFO - Run by: TEDSMITH
tools.TOOL_CalculateNewRaster - INFO - Run on: 03/02/2025, 09:24:26
tools.TOOL_CalculateNewRaster - INFO - Base Raster Path: C:\Users\tedsmith\OneDrive - HDR, Inc\Documents\Projects\Boise\HabitatSuitability\DATA\GDB\Scratch.gdb\Test_Raster
tools.TOOL_CalculateNewRaster - INFO - Output Raster Path: C:\Users\tedsmith\OneDrive - HDR, Inc\Documents\Projects\Boise\HabitatSuitability\DATA\GDB\Scratch.gdb\OutPut_Raster_MWFs_
tools.TOOL_CalculateNewRaster - INFO - Depth Lookup Table Path: C:\Users\tedsmith\OneDrive - HDR, Inc\Documents\Projects\Boise\HabitatSuitability\DATA\GDB\Inputs_1.gdb\DepthLU
tools.TOOL_CalculateNewRaster - INFO - Fish Stage: MWFs
tools.TOOL_CalculateNewRaster - INFO - Spatial Reference: PROJCS["NAD_1983_2011_StatePlane_Idaho_West_FIPS_1103_Ft_US",GEOGCS["GCS_NAD_1983_2011",DATUM["D_NAD_1983_2011",SPHEROID["GRS_1980",6378137.0,298.257222101]],PRIMEM["Greenwich",0.0],UNIT["Degree",0.0174532925199433]],PROJECTION["Transverse_Mercator"],PARAMETER["False_Easting",2624666.666666666],PARAMETER["False_Northing",0.0],PARAMETER["Central_Meridian",-115.75],PARAMETER["Scale_Factor",0.9999333333333333],PARAMETER["Latitude_Of_Origin",41.66666666666666],UNIT["Foot_US",0.3048006096012192]];-15822600 -47951700 137250677.777234;-100000 10000;-100000 10000;3.28083333333333E-03;0.001;0.001;IsHighPrecision
tools.TOOL_CalculateNewRaster - INFO - Creating Base Raster...
tools.TOOL_CalculateNewRaster - INFO - Converting Base Raster to NumPy Array...
tools.TOOL_CalculateNewRaster - INFO - Calculating New Score...
tools.TOOL_CalculateNewRaster - INFO - Exporting New NumPy Array to Raster...
tools.TOOL_CalculateNewRaster - INFO - Defining Spatial Reference...
tools.TOOL_CalculateNewRaster - INFO - Finished: 2025-02-03 09:24:53.705463
